This is pdfTeX, Version 3.14159265-2.6-1.40.21 (MiKTeX 21.1) (preloaded format=pdflatex 2021.3.20)  10 NOV 2021 20:38
entering extended mode
**./CR.tex
(CR.tex
LaTeX2e <2020-10-01> patch level 4
L3 programming layer <2021-01-09> xparse <2020-03-03>
(C:\Users\kenan\AppData\Local\Programs\MiKTeX\tex/latex/base\report.cls
Document Class: report 2020/04/10 v1.4m Standard LaTeX document class
(C:\Users\kenan\AppData\Local\Programs\MiKTeX\tex/latex/base\size12.clo
File: size12.clo 2020/04/10 v1.4m Standard LaTeX file (size option)
)
\c@part=\count177
\c@chapter=\count178
\c@section=\count179
\c@subsection=\count180
\c@subsubsection=\count181
\c@paragraph=\count182
\c@subparagraph=\count183
\c@figure=\count184
\c@table=\count185
\abovecaptionskip=\skip47
\belowcaptionskip=\skip48
\bibindent=\dimen138
)
(C:\Users\kenan\AppData\Local\Programs\MiKTeX\tex/latex/base\inputenc.sty
Package: inputenc 2020/08/01 v1.3d Input encoding file
\inpenc@prehook=\toks15
\inpenc@posthook=\toks16

(C:\Users\kenan\AppData\Local\Programs\MiKTeX\tex/latex/base\latin1.def
File: latin1.def 2020/08/01 v1.3d Input encoding file
))
(C:\Users\kenan\AppData\Local\Programs\MiKTeX\tex/generic/babel\babel.sty
Package: babel 2020/12/16 3.52 The Babel package

(C:\Users\kenan\AppData\Local\Programs\MiKTeX\tex/generic/babel\babel.def
File: babel.def 2020/12/16 3.52 Babel common definitions
\babel@savecnt=\count186
\U@D=\dimen139
\l@babelnohyphens=\language79

(C:\Users\kenan\AppData\Local\Programs\MiKTeX\tex/generic/babel\txtbabel.def)
\bbl@readstream=\read2
)
\bbl@dirlevel=\count187

*************************************
* Local config file bblopts.cfg used
*
(C:\Users\kenan\AppData\Local\Programs\MiKTeX\tex/latex/arabi\bblopts.cfg
File: bblopts.cfg 2005/09/08 v0.1 add Arabic and Farsi to "declared" options of
 babel
)
(C:\Users\kenan\AppData\Local\Programs\MiKTeX\tex/generic/babel-french\french.l
df
Language: french 2020/10/10 v3.5l French support from the babel system
Package babel Info: \l@acadian = using hyphenrules for french
(babel)             (\language22) on input line 91.
Package babel Info: \l@canadien = using hyphenrules for french
(babel)             (\language22) on input line 92.
\FB@nonchar=\count188
Package babel Info: Making : an active character on input line 430.
Package babel Info: Making ; an active character on input line 431.
Package babel Info: Making ! an active character on input line 432.
Package babel Info: Making ? an active character on input line 433.
\FBguill@level=\count189
\FBold@everypar=\toks17
\FB@Mht=\dimen140
\mc@charclass=\count190
\mc@charfam=\count191
\mc@charslot=\count192
\std@mcc=\count193
\dec@mcc=\count194
\listindentFB=\dimen141
\descindentFB=\dimen142
\labelindentFB=\dimen143
\labelwidthFB=\dimen144
\leftmarginFB=\dimen145
\parindentFFN=\dimen146
\FBfnindent=\dimen147
))
(C:\Users\kenan\AppData\Local\Programs\MiKTeX\tex/latex/carlisle\scalefnt.sty)
(C:\Users\kenan\AppData\Local\Programs\MiKTeX\tex/latex/graphics\keyval.sty
Package: keyval 2014/10/28 v1.15 key=value parser (DPC)
\KV@toks@=\toks18
)
(C:\Users\kenan\AppData\Local\Programs\MiKTeX\tex/latex/base\fontenc.sty
Package: fontenc 2020/08/10 v2.0s Standard LaTeX package
)
(C:\Users\kenan\AppData\Local\Programs\MiKTeX\tex/latex/titlesec\titlesec.sty
Package: titlesec 2019/10/16 v2.13 Sectioning titles
\ttl@box=\box47
\beforetitleunit=\skip49
\aftertitleunit=\skip50
\ttl@plus=\dimen148
\ttl@minus=\dimen149
\ttl@toksa=\toks19
\titlewidth=\dimen150
\titlewidthlast=\dimen151
\titlewidthfirst=\dimen152
)
(C:\Users\kenan\AppData\Local\Programs\MiKTeX\tex/latex/base\fix-cm.sty
Package: fix-cm 2015/01/14 v1.1t fixes to LaTeX

(C:\Users\kenan\AppData\Local\Programs\MiKTeX\tex/latex/base\ts1enc.def
File: ts1enc.def 2001/06/05 v3.0e (jk/car/fm) Standard LaTeX file
LaTeX Font Info:    Redeclaring font encoding TS1 on input line 47.
))
(C:\Users\kenan\AppData\Local\Programs\MiKTeX\tex/latex/xcolor\xcolor.sty
Package: xcolor 2016/05/11 v2.12 LaTeX color extensions (UK)

(C:\Users\kenan\AppData\Local\Programs\MiKTeX\tex/latex/graphics-cfg\color.cfg
File: color.cfg 2016/01/02 v1.6 sample color configuration
)
Package xcolor Info: Driver file: pdftex.def on input line 225.

(C:\Users\kenan\AppData\Local\Programs\MiKTeX\tex/latex/graphics-def\pdftex.def
File: pdftex.def 2020/10/05 v1.2a Graphics/color driver for pdftex
)
Package xcolor Info: Model `cmy' substituted by `cmy0' on input line 1348.
Package xcolor Info: Model `hsb' substituted by `rgb' on input line 1352.
Package xcolor Info: Model `RGB' extended on input line 1364.
Package xcolor Info: Model `HTML' substituted by `rgb' on input line 1366.
Package xcolor Info: Model `Hsb' substituted by `hsb' on input line 1367.
Package xcolor Info: Model `tHsb' substituted by `hsb' on input line 1368.
Package xcolor Info: Model `HSB' substituted by `hsb' on input line 1369.
Package xcolor Info: Model `Gray' substituted by `gray' on input line 1370.
Package xcolor Info: Model `wave' substituted by `hsb' on input line 1371.
)
(C:\Users\kenan\AppData\Local\Programs\MiKTeX\tex/latex/geometry\geometry.sty
Package: geometry 2020/01/02 v5.9 Page Geometry

(C:\Users\kenan\AppData\Local\Programs\MiKTeX\tex/generic/iftex\ifvtex.sty
Package: ifvtex 2019/10/25 v1.7 ifvtex legacy package. Use iftex instead.

(C:\Users\kenan\AppData\Local\Programs\MiKTeX\tex/generic/iftex\iftex.sty
Package: iftex 2020/03/06 v1.0d TeX engine tests
))
\Gm@cnth=\count195
\Gm@cntv=\count196
\c@Gm@tempcnt=\count197
\Gm@bindingoffset=\dimen153
\Gm@wd@mp=\dimen154
\Gm@odd@mp=\dimen155
\Gm@even@mp=\dimen156
\Gm@layoutwidth=\dimen157
\Gm@layoutheight=\dimen158
\Gm@layouthoffset=\dimen159
\Gm@layoutvoffset=\dimen160
\Gm@dimlist=\toks20

(C:\Users\kenan\AppData\Local\Programs\MiKTeX\tex/latex/geometry\geometry.cfg))
(C:\Users\kenan\AppData\Local\Programs\MiKTeX\tex/latex/listings\listings.sty
\lst@mode=\count198
\lst@gtempboxa=\box48
\lst@token=\toks21
\lst@length=\count199
\lst@currlwidth=\dimen161
\lst@column=\count266
\lst@pos=\count267
\lst@lostspace=\dimen162
\lst@width=\dimen163
\lst@newlines=\count268
\lst@lineno=\count269
\lst@maxwidth=\dimen164

(C:\Users\kenan\AppData\Local\Programs\MiKTeX\tex/latex/listings\lstmisc.sty
File: lstmisc.sty 2020/03/24 1.8d (Carsten Heinz)
\c@lstnumber=\count270
\lst@skipnumbers=\count271
\lst@framebox=\box49
)
(C:\Users\kenan\AppData\Local\Programs\MiKTeX\tex/latex/listings\listings.cfg
File: listings.cfg 2020/03/24 1.8d listings configuration
))
Package: listings 2020/03/24 1.8d (Carsten Heinz)
(C:\Users\kenan\AppData\Local\Programs\MiKTeX\tex/latex/graphics\graphicx.sty
Package: graphicx 2020/09/09 v1.2b Enhanced LaTeX Graphics (DPC,SPQR)

(C:\Users\kenan\AppData\Local\Programs\MiKTeX\tex/latex/graphics\graphics.sty
Package: graphics 2020/08/30 v1.4c Standard LaTeX Graphics (DPC,SPQR)

(C:\Users\kenan\AppData\Local\Programs\MiKTeX\tex/latex/graphics\trig.sty
Package: trig 2016/01/03 v1.10 sin cos tan (DPC)
)
(C:\Users\kenan\AppData\Local\Programs\MiKTeX\tex/latex/graphics-cfg\graphics.c
fg
File: graphics.cfg 2016/06/04 v1.11 sample graphics configuration
)
Package graphics Info: Driver file: pdftex.def on input line 105.
)
\Gin@req@height=\dimen165
\Gin@req@width=\dimen166
)
(C:\Users\kenan\AppData\Local\Programs\MiKTeX\tex/latex/fancyhdr\fancyhdr.sty
Package: fancyhdr 2021/01/28 v4.0.1 Extensive control of page headers and foote
rs
\f@nch@headwidth=\skip51
\f@nch@O@elh=\skip52
\f@nch@O@erh=\skip53
\f@nch@O@olh=\skip54
\f@nch@O@orh=\skip55
\f@nch@O@elf=\skip56
\f@nch@O@erf=\skip57
\f@nch@O@olf=\skip58
\f@nch@O@orf=\skip59
)
(C:\Users\kenan\AppData\Local\Programs\MiKTeX\tex/latex/pdfpages\pdfpages.sty
Package: pdfpages 2021/03/06 v0.5t Insert pages of external PDF documents (AM)

(C:\Users\kenan\AppData\Local\Programs\MiKTeX\tex/latex/base\ifthen.sty
Package: ifthen 2014/09/29 v1.1c Standard LaTeX ifthen package (DPC)
)
(C:\Users\kenan\AppData\Local\Programs\MiKTeX\tex/latex/latex-tools\calc.sty
Package: calc 2017/05/25 v4.3 Infix arithmetic (KKT,FJ)
\calc@Acount=\count272
\calc@Bcount=\count273
\calc@Adimen=\dimen167
\calc@Bdimen=\dimen168
\calc@Askip=\skip60
\calc@Bskip=\skip61
LaTeX Info: Redefining \setlength on input line 80.
LaTeX Info: Redefining \addtolength on input line 81.
\calc@Ccount=\count274
\calc@Cskip=\skip62
)
(C:\Users\kenan\AppData\Local\Programs\MiKTeX\tex/latex/eso-pic\eso-pic.sty
Package: eso-pic 2020/10/14 v3.0a eso-pic (RN)
\ESO@tempdima=\dimen169
\ESO@tempdimb=\dimen170
)
\AM@pagewidth=\dimen171
\AM@pageheight=\dimen172
\AM@fboxrule=\dimen173

(C:\Users\kenan\AppData\Local\Programs\MiKTeX\tex/latex/pdfpages\pppdftex.def
File: pppdftex.def 2021/03/06 v0.5t Pdfpages driver for pdfTeX (AM)
)
\pdfpages@includegraphics@status=\count275
\AM@pagebox=\box50
\AM@global@opts=\toks22
\AM@pagecnt=\count276
\AM@toc@title=\toks23
\c@AM@survey=\count277
\AM@templatesizebox=\box51
)
(C:\Users\kenan\AppData\Local\Programs\MiKTeX\tex/latex/l3backend\l3backend-pdf
tex.def
File: l3backend-pdftex.def 2021-01-09 L3 backend support: PDF output (pdfTeX)
\l__kernel_color_stack_int=\count278
\l__pdf_internal_box=\box52
) (CR.aux)
\openout1 = `CR.aux'.

LaTeX Font Info:    Checking defaults for OML/cmm/m/it on input line 51.
LaTeX Font Info:    ... okay on input line 51.
LaTeX Font Info:    Checking defaults for OMS/cmsy/m/n on input line 51.
LaTeX Font Info:    ... okay on input line 51.
LaTeX Font Info:    Checking defaults for OT1/cmr/m/n on input line 51.
LaTeX Font Info:    ... okay on input line 51.
LaTeX Font Info:    Checking defaults for T1/cmr/m/n on input line 51.
LaTeX Font Info:    ... okay on input line 51.
LaTeX Font Info:    Checking defaults for TS1/cmr/m/n on input line 51.
LaTeX Font Info:    ... okay on input line 51.
LaTeX Font Info:    Checking defaults for OMX/cmex/m/n on input line 51.
LaTeX Font Info:    ... okay on input line 51.
LaTeX Font Info:    Checking defaults for U/cmr/m/n on input line 51.
LaTeX Font Info:    ... okay on input line 51.
LaTeX Info: Redefining \degres on input line 51.
LaTeX Info: Redefining \dots on input line 51.
LaTeX Info: Redefining \up on input line 51.

(C:\Users\kenan\AppData\Local\Programs\MiKTeX\tex/context/base/mkii\supp-pdf.mk
ii
[Loading MPS to PDF converter (version 2006.09.02).]
\scratchcounter=\count279
\scratchdimen=\dimen174
\scratchbox=\box53
\nofMPsegments=\count280
\nofMParguments=\count281
\everyMPshowfont=\toks24
\MPscratchCnt=\count282
\MPscratchDim=\dimen175
\MPnumerator=\count283
\makeMPintoPDFobject=\count284
\everyMPtoPDFconversion=\toks25
)
(C:\Users\kenan\AppData\Local\Programs\MiKTeX\tex/latex/epstopdf-pkg\epstopdf-b
ase.sty
Package: epstopdf-base 2020-01-24 v2.11 Base part for package epstopdf
Package epstopdf-base Info: Redefining graphics rule for `.eps' on input line 4
85.
)
*geometry* driver: auto-detecting
*geometry* detected driver: pdftex
*geometry* verbose mode - [ preamble ] result:
* driver: pdftex
* paper: a4paper
* layout: <same size as paper>
* layoutoffset:(h,v)=(0.0pt,0.0pt)
* modes: 
* h-part:(L,W,R)=(56.9055pt, 483.69687pt, 56.9055pt)
* v-part:(T,H,B)=(56.9055pt, 731.23584pt, 56.9055pt)
* \paperwidth=597.50787pt
* \paperheight=845.04684pt
* \textwidth=483.69687pt
* \textheight=731.23584pt
* \oddsidemargin=-15.36449pt
* \evensidemargin=-15.36449pt
* \topmargin=-52.36449pt
* \headheight=28.0pt
* \headsep=25.0pt
* \topskip=12.0pt
* \footskip=30.0pt
* \marginparwidth=35.0pt
* \marginparsep=10.0pt
* \columnsep=10.0pt
* \skip\footins=10.8pt plus 4.0pt minus 2.0pt
* \hoffset=0.0pt
* \voffset=0.0pt
* \mag=1000
* \@twocolumnfalse
* \@twosidefalse
* \@mparswitchfalse
* \@reversemarginfalse
* (1in=72.27pt=25.4mm, 1cm=28.453pt)

\c@lstlisting=\count285

(C:\Users\kenan\AppData\Local\Programs\MiKTeX\tex/latex/pdflscape\pdflscape.sty
Package: pdflscape 2019/12/05 v0.12 Display of landscape pages in PDF (HO)
(C:\Users\kenan\AppData\Local\Programs\MiKTeX\tex/latex/graphics\lscape.sty
Package: lscape 2020/05/28 v3.02 Landscape Pages (DPC)
)
Package pdflscape Info: Auto-detected driver: pdftex on input line 81.
)
LaTeX Font Info:    External font `cmex10' loaded for size
(Font)              <14.4> on input line 56.
LaTeX Font Info:    External font `cmex10' loaded for size
(Font)              <7> on input line 56.

[1

{C:/Users/kenan/AppData/Local/MiKTeX/pdftex/config/pdftex.map}]
<vachequirit.png, id=7, 101.62968pt x 100.87688pt>
File: vachequirit.png Graphic file (type png)
<use vachequirit.png>
Package pdftex.def Info: vachequirit.png  used on input line 66.
(pdftex.def)             Requested size: 101.62943pt x 100.87662pt.
<tournesol.jpg, id=9, 1027.84pt x 770.88pt>
File: tournesol.jpg Graphic file (type jpg)
<use tournesol.jpg>
Package pdftex.def Info: tournesol.jpg  used on input line 71.
(pdftex.def)             Requested size: 205.56436pt x 154.17326pt.
<romanesco.jpg, id=10, 1027.84pt x 1027.84pt>
File: romanesco.jpg Graphic file (type jpg)
<use romanesco.jpg>
Package pdftex.def Info: romanesco.jpg  used on input line 72.
(pdftex.def)             Requested size: 154.16934pt x 154.16934pt.
 [1 <./vachequirit.png> <./tournesol.jpg> <./romanesco.jpg>]
LaTeX Font Info:    External font `cmex10' loaded for size
(Font)              <12> on input line 77.
LaTeX Font Info:    External font `cmex10' loaded for size
(Font)              <8> on input line 77.
LaTeX Font Info:    External font `cmex10' loaded for size
(Font)              <6> on input line 77.
<Sierpinski.png, id=20, 250.9375pt x 217.81375pt>
File: Sierpinski.png Graphic file (type png)
<use Sierpinski.png>
Package pdftex.def Info: Sierpinski.png  used on input line 81.
(pdftex.def)             Requested size: 175.65504pt x 152.46857pt.

(C:\Users\kenan\AppData\Local\Programs\MiKTeX\tex/latex/listings\lstlang1.sty
File: lstlang1.sty 2020/03/24 1.8d listings language file
)
[2 <./Sierpinski.png>]
<fact1.png, id=33, 260.47313pt x 339.51843pt>
File: fact1.png Graphic file (type png)
<use fact1.png>
Package pdftex.def Info: fact1.png  used on input line 110.
(pdftex.def)             Requested size: 130.23624pt x 169.75879pt.
<fact2.png, id=34, 237.88875pt x 283.81032pt>
File: fact2.png Graphic file (type png)
<use fact2.png>
Package pdftex.def Info: fact2.png  used on input line 114.
(pdftex.def)             Requested size: 118.94408pt x 141.9048pt.
<fact3.png, id=35, 255.20343pt x 228.855pt>
File: fact3.png Graphic file (type png)
<use fact3.png>
Package pdftex.def Info: fact3.png  used on input line 117.
(pdftex.def)             Requested size: 127.6014pt x 114.42722pt.
<fact4.png, id=36, 254.45062pt x 173.89969pt>
File: fact4.png Graphic file (type png)
<use fact4.png>
Package pdftex.def Info: fact4.png  used on input line 120.
(pdftex.def)             Requested size: 127.22499pt x 86.94962pt.
 [3 <./fact1.png> <./fact2.png> <./fact3.png> <./fact4.png>] [4]
<selectionsort.png, id=47, 339.51843pt x 136.25906pt>
File: selectionsort.png Graphic file (type png)
<use selectionsort.png>
Package pdftex.def Info: selectionsort.png  used on input line 171.
(pdftex.def)             Requested size: 339.5176pt x 136.25871pt.
<rapidsort.png, id=48, 334.24875pt x 130.23656pt>
File: rapidsort.png Graphic file (type png)
<use rapidsort.png>
Package pdftex.def Info: rapidsort.png  used on input line 172.
(pdftex.def)             Requested size: 339.26143pt x 132.1897pt.
 [5 <./selectionsort.png> <./rapidsort.png>]
<bactracking.jpg, id=54, 1118.1775pt x 588.1975pt>
File: bactracking.jpg Graphic file (type jpg)
<use bactracking.jpg>
Package pdftex.def Info: bactracking.jpg  used on input line 183.
(pdftex.def)             Requested size: 483.69687pt x 254.4368pt.
 [6 <./bactracking.jpg>]
[7]
LaTeX Font Info:    External font `cmex10' loaded for size
(Font)              <5> on input line 266.
<sudoku.png, id=64, 304.88907pt x 375.65344pt>
File: sudoku.png Graphic file (type png)
<use sudoku.png>
Package pdftex.def Info: sudoku.png  used on input line 270.
(pdftex.def)             Requested size: 213.42088pt x 262.9556pt.
 [8 <./sudoku.png>] [9]
<enonce.pdf, id=73, 597.50786pt x 845.04686pt>
File: enonce.pdf Graphic file (type pdf)
<use enonce.pdf>
Package pdftex.def Info: enonce.pdf  used on input line 349.
(pdftex.def)             Requested size: 597.5064pt x 845.0448pt.
File: enonce.pdf Graphic file (type pdf)
<use enonce.pdf>
Package pdftex.def Info: enonce.pdf  used on input line 349.
(pdftex.def)             Requested size: 597.5064pt x 845.0448pt.
<enonce.pdf, id=76, page=1, 597.50786pt x 845.04686pt>
File: enonce.pdf Graphic file (type pdf)
<use enonce.pdf, page 1>
Package pdftex.def Info: enonce.pdf , page1 used on input line 349.
(pdftex.def)             Requested size: 597.5064pt x 845.0448pt.
File: enonce.pdf Graphic file (type pdf)
<use enonce.pdf, page 1>
Package pdftex.def Info: enonce.pdf , page1 used on input line 349.
(pdftex.def)             Requested size: 597.53374pt x 845.08348pt.
 [10]
File: enonce.pdf Graphic file (type pdf)
<use enonce.pdf, page 1>
Package pdftex.def Info: enonce.pdf , page1 used on input line 349.
(pdftex.def)             Requested size: 597.53374pt x 845.08348pt.
File: enonce.pdf Graphic file (type pdf)
<use enonce.pdf, page 1>
Package pdftex.def Info: enonce.pdf , page1 used on input line 349.
(pdftex.def)             Requested size: 597.53374pt x 845.08348pt.
File: enonce.pdf Graphic file (type pdf)
<use enonce.pdf, page 1>
Package pdftex.def Info: enonce.pdf , page1 used on input line 349.
(pdftex.def)             Requested size: 597.53374pt x 845.08348pt.
 [11 <./enonce.pdf>] [12] (CR.aux) ) 
Here is how much of TeX's memory you used:
 7290 strings out of 479618
 105562 string characters out of 2865026
 1048040 words of memory out of 3000000
 24370 multiletter control sequences out of 15000+200000
 416270 words of font info for 53 fonts, out of 3000000 for 9000
 1141 hyphenation exceptions out of 8191
 68i,17n,77p,924b,1842s stack positions out of 5000i,500n,10000p,200000b,50000s
 <C:\Users\kenan\AppData\Local\MiKTeX\fonts
/pk/ljfour/jknappen/ec/dpi600\ecrm0500.pk> <C:\Users\kenan\AppData\Local\MiKTeX
\fonts/pk/ljfour/jknappen/ec/dpi600\tctt1000.pk> <C:\Users\kenan\AppData\Local\
MiKTeX\fonts/pk/ljfour/jknappen/ec/dpi600\ectt1000.pk> <C:\Users\kenan\AppData\
Local\MiKTeX\fonts/pk/ljfour/jknappen/ec/dpi600\ecrm0600.pk> <C:\Users\kenan\Ap
pData\Local\MiKTeX\fonts/pk/ljfour/jknappen/ec/dpi720\ecbx1200.pk> <C:\Users\ke
nan\AppData\Local\MiKTeX\fonts/pk/ljfour/jknappen/ec/dpi600\ecbx1200.pk> <C:\Us
ers\kenan\AppData\Local\MiKTeX\fonts/pk/ljfour/jknappen/ec/dpi1244\ecbx1200.pk>
 <C:\Users\kenan\AppData\Local\MiKTeX\fonts/pk/ljfour/jknappen/ec/dpi600\ecrm12
00.pk> <C:\Users\kenan\AppData\Local\MiKTeX\fonts/pk/ljfour/jknappen/ec/dpi600\
eccc1200.pk> <C:\Users\kenan\AppData\Local\MiKTeX\fonts/pk/ljfour/jknappen/ec/d
pi720\ecrm1200.pk> <C:\Users\kenan\AppData\Local\MiKTeX\fonts/pk/ljfour/jknappe
n/ec/dpi720\eccc1728.pk><C:/Users/kenan/AppData/Local/Programs/MiKTeX/fonts/typ
e1/public/amsfonts/cm/cmex10.pfb><C:/Users/kenan/AppData/Local/Programs/MiKTeX/
fonts/type1/public/amsfonts/cm/cmmi12.pfb><C:/Users/kenan/AppData/Local/Program
s/MiKTeX/fonts/type1/public/amsfonts/cm/cmmi8.pfb><C:/Users/kenan/AppData/Local
/Programs/MiKTeX/fonts/type1/public/amsfonts/cm/cmr12.pfb><C:/Users/kenan/AppDa
ta/Local/Programs/MiKTeX/fonts/type1/public/amsfonts/cm/cmr8.pfb><C:/Users/kena
n/AppData/Local/Programs/MiKTeX/fonts/type1/public/amsfonts/cm/cmsy10.pfb><C:/U
sers/kenan/AppData/Local/Programs/MiKTeX/fonts/type1/public/amsfonts/cm/cmsy8.p
fb>
Output written on CR.pdf (13 pages, 1147408 bytes).
PDF statistics:
 512 PDF objects out of 1000 (max. 8388607)
 0 named destinations out of 1000 (max. 500000)
 81 words of extra memory for PDF output out of 10000 (max. 10000000)

